<?xml version="1.0" encoding="UTF-8"?>
<testsuite xmlns:xsi="http://www.w3.org/2001/XMLSchema-instance" xsi:noNamespaceSchemaLocation="https://maven.apache.org/surefire/maven-surefire-plugin/xsd/surefire-test-report.xsd" name="fi.tuni.secprog.passwordmanager.AppTest" time="0.051" tests="1" errors="0" skipped="0" failures="0">
  <properties>
    <property name="java.specification.version" value="21"/>
    <property name="sun.cpu.isalist" value="amd64"/>
    <property name="sun.jnu.encoding" value="Cp1252"/>
    <property name="java.class.path" value="C:\Users\sagah\TUNI\Secure programming\Project\secure-programming-project\passwordmanager\target\test-classes;C:\Users\sagah\TUNI\Secure programming\Project\secure-programming-project\passwordmanager\target\classes;C:\Users\sagah\.m2\repository\junit\junit\4.11\junit-4.11.jar;C:\Users\sagah\.m2\repository\org\hamcrest\hamcrest-core\1.3\hamcrest-core-1.3.jar;C:\Users\sagah\.m2\repository\org\openjfx\javafx-controls\17\javafx-controls-17.jar;C:\Users\sagah\.m2\repository\org\openjfx\javafx-controls\17\javafx-controls-17-win.jar;C:\Users\sagah\.m2\repository\org\openjfx\javafx-graphics\17\javafx-graphics-17.jar;C:\Users\sagah\.m2\repository\org\openjfx\javafx-graphics\17\javafx-graphics-17-win.jar;C:\Users\sagah\.m2\repository\org\openjfx\javafx-base\17\javafx-base-17.jar;C:\Users\sagah\.m2\repository\org\openjfx\javafx-base\17\javafx-base-17-win.jar;C:\Users\sagah\.m2\repository\org\openjfx\javafx-fxml\17\javafx-fxml-17.jar;C:\Users\sagah\.m2\repository\org\openjfx\javafx-fxml\17\javafx-fxml-17-win.jar;C:\Users\sagah\.m2\repository\org\xerial\sqlite-jdbc\3.42.0.0\sqlite-jdbc-3.42.0.0.jar;C:\Users\sagah\.m2\repository\org\mindrot\jbcrypt\0.4\jbcrypt-0.4.jar;"/>
    <property name="java.vm.vendor" value="Oracle Corporation"/>
    <property name="sun.arch.data.model" value="64"/>
    <property name="user.variant" value=""/>
    <property name="java.vendor.url" value="https://java.oracle.com/"/>
    <property name="user.timezone" value="Europe/Helsinki"/>
    <property name="os.name" value="Windows 11"/>
    <property name="java.vm.specification.version" value="21"/>
    <property name="sun.java.launcher" value="SUN_STANDARD"/>
    <property name="user.country" value="FI"/>
    <property name="sun.boot.library.path" value="C:\Program Files\Java\jdk-21\bin"/>
    <property name="sun.java.command" value="C:\Users\sagah\AppData\Local\Temp\surefire16205613860691950801\surefirebooter9168197546969988657.jar C:\Users\sagah\AppData\Local\Temp\surefire16205613860691950801 2025-03-18T19-49-18_568-jvmRun1 surefire11826849109752051601tmp surefire_07400101886496844692tmp"/>
    <property name="jdk.debug" value="release"/>
    <property name="surefire.test.class.path" value="C:\Users\sagah\TUNI\Secure programming\Project\secure-programming-project\passwordmanager\target\test-classes;C:\Users\sagah\TUNI\Secure programming\Project\secure-programming-project\passwordmanager\target\classes;C:\Users\sagah\.m2\repository\junit\junit\4.11\junit-4.11.jar;C:\Users\sagah\.m2\repository\org\hamcrest\hamcrest-core\1.3\hamcrest-core-1.3.jar;C:\Users\sagah\.m2\repository\org\openjfx\javafx-controls\17\javafx-controls-17.jar;C:\Users\sagah\.m2\repository\org\openjfx\javafx-controls\17\javafx-controls-17-win.jar;C:\Users\sagah\.m2\repository\org\openjfx\javafx-graphics\17\javafx-graphics-17.jar;C:\Users\sagah\.m2\repository\org\openjfx\javafx-graphics\17\javafx-graphics-17-win.jar;C:\Users\sagah\.m2\repository\org\openjfx\javafx-base\17\javafx-base-17.jar;C:\Users\sagah\.m2\repository\org\openjfx\javafx-base\17\javafx-base-17-win.jar;C:\Users\sagah\.m2\repository\org\openjfx\javafx-fxml\17\javafx-fxml-17.jar;C:\Users\sagah\.m2\repository\org\openjfx\javafx-fxml\17\javafx-fxml-17-win.jar;C:\Users\sagah\.m2\repository\org\xerial\sqlite-jdbc\3.42.0.0\sqlite-jdbc-3.42.0.0.jar;C:\Users\sagah\.m2\repository\org\mindrot\jbcrypt\0.4\jbcrypt-0.4.jar;"/>
    <property name="sun.cpu.endian" value="little"/>
    <property name="user.home" value="C:\Users\sagah"/>
    <property name="user.language" value="fi"/>
    <property name="java.specification.vendor" value="Oracle Corporation"/>
    <property name="java.version.date" value="2023-10-17"/>
    <property name="java.home" value="C:\Program Files\Java\jdk-21"/>
    <property name="file.separator" value="\"/>
    <property name="basedir" value="C:\Users\sagah\TUNI\Secure programming\Project\secure-programming-project\passwordmanager"/>
    <property name="java.vm.compressedOopsMode" value="32-bit"/>
    <property name="line.separator" value="&#10;"/>
    <property name="java.vm.specification.vendor" value="Oracle Corporation"/>
    <property name="java.specification.name" value="Java Platform API Specification"/>
    <property name="surefire.real.class.path" value="C:\Users\sagah\AppData\Local\Temp\surefire16205613860691950801\surefirebooter9168197546969988657.jar"/>
    <property name="user.script" value=""/>
    <property name="sun.management.compiler" value="HotSpot 64-Bit Tiered Compilers"/>
    <property name="java.runtime.version" value="21.0.1+12-LTS-29"/>
    <property name="user.name" value="sagah"/>
    <property name="stdout.encoding" value="Cp1252"/>
    <property name="path.separator" value=";"/>
    <property name="os.version" value="10.0"/>
    <property name="java.runtime.name" value="Java(TM) SE Runtime Environment"/>
    <property name="file.encoding" value="UTF-8"/>
    <property name="java.vm.name" value="Java HotSpot(TM) 64-Bit Server VM"/>
    <property name="localRepository" value="C:\Users\sagah\.m2\repository"/>
    <property name="java.vendor.url.bug" value="https://bugreport.java.com/bugreport/"/>
    <property name="java.io.tmpdir" value="C:\Users\sagah\AppData\Local\Temp\"/>
    <property name="java.version" value="21.0.1"/>
    <property name="user.dir" value="C:\Users\sagah\TUNI\Secure programming\Project\secure-programming-project\passwordmanager"/>
    <property name="os.arch" value="amd64"/>
    <property name="java.vm.specification.name" value="Java Virtual Machine Specification"/>
    <property name="sun.os.patch.level" value=""/>
    <property name="native.encoding" value="Cp1252"/>
    <property name="java.library.path" value="C:\Program Files\Java\jdk-21\bin;C:\WINDOWS\Sun\Java\bin;C:\WINDOWS\system32;C:\WINDOWS;C:\Program Files (x86)\VMware\VMware Workstation\bin\;C:\Program Files\Common Files\Oracle\Java\javapath;C:\WINDOWS\system32;C:\WINDOWS;C:\WINDOWS\System32\Wbem;C:\WINDOWS\System32\WindowsPowerShell\v1.0\;C:\WINDOWS\System32\OpenSSH\;C:\Program Files\MATLAB\R2022b\bin;C:\Program Files\Git\cmd;C:\Program Files\Maven\apache-maven-3.9.6\bin;C:\Program Files\Vagrant\bin;C:\Users\sagah\AppData\Roaming\nvm;C:\Program Files\nodejs;C:\Program Files\PuTTY\;C:\Program Files\Docker\Docker\resources\bin;C:\Users\sagah\mingw32\bin;C:\Users\sagah\AppData\Local\Microsoft\WindowsApps;C:\Users\sagah\AppData\Local\Programs\Microsoft VS Code\bin;C:\Users\sagah\AppData\Roaming\nvm;C:\Program Files\nodejs;;c:\Users\sagah\AppData\Roaming\Code\User\globalStorage\github.copilot-chat\debugCommand;."/>
    <property name="java.vm.info" value="mixed mode, sharing"/>
    <property name="stderr.encoding" value="Cp1252"/>
    <property name="java.vendor" value="Oracle Corporation"/>
    <property name="java.vm.version" value="21.0.1+12-LTS-29"/>
    <property name="sun.io.unicode.encoding" value="UnicodeLittle"/>
    <property name="java.class.version" value="65.0"/>
  </properties>
  <testcase name="shouldAnswerWithTrue" classname="fi.tuni.secprog.passwordmanager.AppTest" time="0.006"/>
</testsuite>